Using pre-set license
Built from '2020.2/staging' branch; Version is '2020.2.7f1 (c53830e277f1) revision 12924976'; Using compiler version '192528614'; Build Type 'Release'
OS: 'Windows 10 Home; OS build 19041.804; Version 2004; 64bit' Language: 'fr' Physical Memory: 8028 MB
BatchMode: 1, IsHumanControllingUs: 0, StartBugReporterOnCrash: 0, Is64bit: 1, IsPro: 0

 COMMAND LINE ARGUMENTS:
C:\Program Files\Unity\Hub\Editor\2020.2.7f1\Editor\Unity.exe
-adb2
-batchMode
-noUpm
-name
AssetImportWorker0
-projectPath
D:/Unity/Project-M-Pre_Prod/Project-M-Pre_Prod
-logFile
Logs/AssetImportWorker0.log
-srvPort
52411
Successfully changed project path to: D:/Unity/Project-M-Pre_Prod/Project-M-Pre_Prod
D:/Unity/Project-M-Pre_Prod/Project-M-Pre_Prod
Using Asset Import Pipeline V2.
Refreshing native plugins compatible for Editor in 51.02 ms, found 1 plugins.
Preloading 0 native plugins for Editor in 0.00 ms.
Initialize engine version: 2020.2.7f1 (c53830e277f1)
[Subsystems] Discovering subsystems at path C:/Program Files/Unity/Hub/Editor/2020.2.7f1/Editor/Data/Resources/UnitySubsystems
[Subsystems] Discovering subsystems at path D:/Unity/Project-M-Pre_Prod/Project-M-Pre_Prod/Assets
GfxDevice: creating device client; threaded=0
Direct3D:
    Version:  Direct3D 11.0 [level 11.1]
    Renderer: Intel(R) UHD Graphics 630 (ID=0x3e98)
    Vendor:   
    VRAM:     4014 MB
    Driver:   27.20.100.8853
Shader 'Universal Render Pipeline/Particles/Lit': fallback shader 'Universal Render Pipeline/Particles/SimpleLit' not found
Initialize mono
Mono path[0] = 'C:/Program Files/Unity/Hub/Editor/2020.2.7f1/Editor/Data/Managed'
Mono path[1] = 'C:/Program Files/Unity/Hub/Editor/2020.2.7f1/Editor/Data/MonoBleedingEdge/lib/mono/unityjit'
Mono config path = 'C:/Program Files/Unity/Hub/Editor/2020.2.7f1/Editor/Data/MonoBleedingEdge/etc'
Using monoOptions --debugger-agent=transport=dt_socket,embedding=1,server=y,suspend=n,address=127.0.0.1:56200
Begin MonoManager ReloadAssembly
Registering precompiled unity dll's ...
Register platform support module: C:/Program Files/Unity/Hub/Editor/2020.2.7f1/Editor/Data/PlaybackEngines/WindowsStandaloneSupport/UnityEditor.WindowsStandalone.Extensions.dll
Registered in 0.001527 seconds.
Native extension for WindowsStandalone target not found
Refreshing native plugins compatible for Editor in 42.21 ms, found 1 plugins.
Preloading 0 native plugins for Editor in 0.00 ms.
Invoked RoslynAnalysisRunner static constructor.
RoslynAnalysisRunner will not be running.
RoslynAnalysisRunner has terminated.
Mono: successfully reloaded assembly
- Completed reload, in  0.871 seconds
Platform modules already initialized, skipping
Registering precompiled user dll's ...
Registered in 0.001020 seconds.
Begin MonoManager ReloadAssembly
Native extension for WindowsStandalone target not found
Refreshing native plugins compatible for Editor in 48.73 ms, found 1 plugins.
Preloading 0 native plugins for Editor in 0.00 ms.
Invoked RoslynAnalysisRunner static constructor.
RoslynAnalysisRunner will not be running.
RoslynAnalysisRunner has terminated.
Mono: successfully reloaded assembly
- Completed reload, in  0.833 seconds
Platform modules already initialized, skipping
========================================================================
Worker process is ready to serve import requests
Shader 'Universal Render Pipeline/Particles/Lit': fallback shader 'Universal Render Pipeline/Particles/SimpleLit' not found
Launched and connected shader compiler UnityShaderCompiler.exe after 0.04 seconds
Refreshing native plugins compatible for Editor in 0.46 ms, found 1 plugins.
Preloading 0 native plugins for Editor in 0.00 ms.
Unloading 2956 Unused Serialized files (Serialized files now loaded: 0)
System memory in use before: 128.3 MB.
System memory in use after: 128.5 MB.

Unloading 20 unused Assets to reduce memory usage. Loaded Objects now: 3401.
Total: 2.534400 ms (FindLiveObjects: 0.215900 ms CreateObjectMapping: 0.094500 ms MarkObjects: 2.156400 ms  DeleteObjects: 0.066200 ms)

========================================================================
Received Import Request.
  path: Assets/UniversalRenderPipelineAsset_Renderer.asset
  artifactKey: Guid(67c97b021c1b6354fb0258cbceea006c) Importer(815301076,1909f56bfc062723c751e8b465ee728b)
Start importing Assets/UniversalRenderPipelineAsset_Renderer.asset using Guid(67c97b021c1b6354fb0258cbceea006c) Importer(815301076,1909f56bfc062723c751e8b465ee728b)  -> (artifact id: '5db400f2722d87edf43a83f86068a3f1') in 0.028867 seconds
  Import took 0.037610 seconds .

========================================================================
Received Import Request.
  Time since last request: 0.000251 seconds.
  path: Assets/New 2D Renderer Data.asset
  artifactKey: Guid(49637d0c7e203a94dae38b5552e4d8c3) Importer(815301076,1909f56bfc062723c751e8b465ee728b)
Start importing Assets/New 2D Renderer Data.asset using Guid(49637d0c7e203a94dae38b5552e4d8c3) Importer(815301076,1909f56bfc062723c751e8b465ee728b)  -> (artifact id: '5c5834a2dea7187d06be24e936a67bea') in 0.005408 seconds
  Import took 0.009251 seconds .

========================================================================
Received Import Request.
  Time since last request: 0.000389 seconds.
  path: Assets/UniversalRenderPipelineAsset.asset
  artifactKey: Guid(45a1ca066956fbe4297ef1cd95a47b3d) Importer(815301076,1909f56bfc062723c751e8b465ee728b)
Start importing Assets/UniversalRenderPipelineAsset.asset using Guid(45a1ca066956fbe4297ef1cd95a47b3d) Importer(815301076,1909f56bfc062723c751e8b465ee728b)  -> (artifact id: '3c3dc25d2fefc75415f7ec43efe90ed3') in 0.006345 seconds
  Import took 0.010882 seconds .

========================================================================
Received Import Request.
  Time since last request: 265.126480 seconds.
  path: Assets/Scenes/SampleScene.unity
  artifactKey: Guid(2cda990e2423bbf4892e6590ba056729) Importer(815301076,1909f56bfc062723c751e8b465ee728b)
Start importing Assets/Scenes/SampleScene.unity using Guid(2cda990e2423bbf4892e6590ba056729) Importer(815301076,1909f56bfc062723c751e8b465ee728b)  -> (artifact id: '29bc8606ce89825ae5050ce456c568c3') in 0.003696 seconds
  Import took 0.007895 seconds .

========================================================================
Received Import Request.
  Time since last request: 0.008729 seconds.
  path: Assets/Scenes/SampleScene.unity
  artifactKey: Guid(2cda990e2423bbf4892e6590ba056729) Importer(815301076,1909f56bfc062723c751e8b465ee728b)
Start importing Assets/Scenes/SampleScene.unity using Guid(2cda990e2423bbf4892e6590ba056729) Importer(815301076,1909f56bfc062723c751e8b465ee728b)  -> (artifact id: '29bc8606ce89825ae5050ce456c568c3') in 0.005038 seconds
  Import took 0.009647 seconds .

========================================================================
Received Prepare
Registering precompiled user dll's ...
Registered in 0.030017 seconds.
Begin MonoManager ReloadAssembly
Native extension for WindowsStandalone target not found
Refreshing native plugins compatible for Editor in 0.53 ms, found 1 plugins.
Preloading 0 native plugins for Editor in 0.00 ms.
Invoked RoslynAnalysisRunner static constructor.
RoslynAnalysisRunner will not be running.
RoslynAnalysisRunner has terminated.
Mono: successfully reloaded assembly
- Completed reload, in  1.111 seconds
Platform modules already initialized, skipping
Shader 'Universal Render Pipeline/Particles/Lit': fallback shader 'Universal Render Pipeline/Particles/SimpleLit' not found
Refreshing native plugins compatible for Editor in 0.47 ms, found 1 plugins.
Preloading 0 native plugins for Editor in 0.00 ms.
Unloading 2844 Unused Serialized files (Serialized files now loaded: 0)
System memory in use before: 122.1 MB.
System memory in use after: 122.3 MB.

Unloading 8 unused Assets to reduce memory usage. Loaded Objects now: 3407.
Total: 2.049100 ms (FindLiveObjects: 0.290000 ms CreateObjectMapping: 0.088500 ms MarkObjects: 1.637200 ms  DeleteObjects: 0.032700 ms)

========================================================================
Received Import Request.
  Time since last request: 290.059330 seconds.
  path: Assets/Scripts/PlayerMovement.cs
  artifactKey: Guid(1a0a4d9553164ae409b561c175840f0e) Importer(815301076,1909f56bfc062723c751e8b465ee728b)
Start importing Assets/Scripts/PlayerMovement.cs using Guid(1a0a4d9553164ae409b561c175840f0e) Importer(815301076,1909f56bfc062723c751e8b465ee728b)  -> (artifact id: 'e75b50411a146d7ce6f966c6151bc2f3') in 0.009237 seconds
  Import took 0.014289 seconds .

========================================================================
Received Import Request.
  Time since last request: 0.020969 seconds.
  path: Assets/Scripts/PlayerMovement.cs
  artifactKey: Guid(1a0a4d9553164ae409b561c175840f0e) Importer(815301076,1909f56bfc062723c751e8b465ee728b)
Start importing Assets/Scripts/PlayerMovement.cs using Guid(1a0a4d9553164ae409b561c175840f0e) Importer(815301076,1909f56bfc062723c751e8b465ee728b)  -> (artifact id: 'e75b50411a146d7ce6f966c6151bc2f3') in 0.005614 seconds
  Import took 0.010442 seconds .

========================================================================
Received Prepare
Registering precompiled user dll's ...
Registered in 0.001218 seconds.
Begin MonoManager ReloadAssembly
Native extension for WindowsStandalone target not found
Refreshing native plugins compatible for Editor in 0.47 ms, found 1 plugins.
Preloading 0 native plugins for Editor in 0.00 ms.
Invoked RoslynAnalysisRunner static constructor.
RoslynAnalysisRunner will not be running.
RoslynAnalysisRunner has terminated.
Mono: successfully reloaded assembly
- Completed reload, in  0.735 seconds
Platform modules already initialized, skipping
Shader 'Universal Render Pipeline/Particles/Lit': fallback shader 'Universal Render Pipeline/Particles/SimpleLit' not found
Refreshing native plugins compatible for Editor in 0.48 ms, found 1 plugins.
Preloading 0 native plugins for Editor in 0.00 ms.
Unloading 2842 Unused Serialized files (Serialized files now loaded: 0)
System memory in use before: 122.1 MB.
System memory in use after: 122.4 MB.

Unloading 8 unused Assets to reduce memory usage. Loaded Objects now: 3411.
Total: 2.154400 ms (FindLiveObjects: 0.242300 ms CreateObjectMapping: 0.113600 ms MarkObjects: 1.782800 ms  DeleteObjects: 0.015100 ms)

========================================================================
Received Import Request.
  Time since last request: 13.699616 seconds.
  path: Assets/Scripts/PlayerMovement.cs
  artifactKey: Guid(1a0a4d9553164ae409b561c175840f0e) Importer(815301076,1909f56bfc062723c751e8b465ee728b)
Start importing Assets/Scripts/PlayerMovement.cs using Guid(1a0a4d9553164ae409b561c175840f0e) Importer(815301076,1909f56bfc062723c751e8b465ee728b)  -> (artifact id: '7350f06bb890d6cba4f195677de31de4') in 0.005733 seconds
  Import took 0.009436 seconds .

========================================================================
Received Import Request.
  Time since last request: 10.518462 seconds.
  path: Assets/Imports/Beton.png
  artifactKey: Guid(7aff1793ee13929429a0c481e9265a69) Importer(815301076,1909f56bfc062723c751e8b465ee728b)
Start importing Assets/Imports/Beton.png using Guid(7aff1793ee13929429a0c481e9265a69) Importer(815301076,1909f56bfc062723c751e8b465ee728b)  -> (artifact id: '5f8cefb795b7a263c2d3b3e2db4aa297') in 0.116034 seconds
  Import took 0.120643 seconds .

========================================================================
Received Import Request.
  Time since last request: 0.000215 seconds.
  path: Assets/Imports/Policier Mise en mire.png
  artifactKey: Guid(66fd38785f1b7b04a89eea809498aa04) Importer(815301076,1909f56bfc062723c751e8b465ee728b)
Start importing Assets/Imports/Policier Mise en mire.png using Guid(66fd38785f1b7b04a89eea809498aa04) Importer(815301076,1909f56bfc062723c751e8b465ee728b)  -> (artifact id: '4dfb1bb637973186da40372576ced6f6') in 0.011325 seconds
  Import took 0.015071 seconds .

========================================================================
Received Import Request.
  Time since last request: 0.000236 seconds.
  path: Assets/Imports/shield.png
  artifactKey: Guid(f955d0741fc6ff34f918680be0da6cf5) Importer(815301076,1909f56bfc062723c751e8b465ee728b)
Start importing Assets/Imports/shield.png using Guid(f955d0741fc6ff34f918680be0da6cf5) Importer(815301076,1909f56bfc062723c751e8b465ee728b)  -> (artifact id: '277c3ad1091ba03ca99fb3ccb5fc26d9') in 0.023339 seconds
  Import took 0.027814 seconds .

========================================================================
Received Import Request.
  Time since last request: 0.000236 seconds.
  path: Assets/Imports/Plafond Egouts.png
  artifactKey: Guid(59d3b25661f73fa40b278e1ee2286806) Importer(815301076,1909f56bfc062723c751e8b465ee728b)
Start importing Assets/Imports/Plafond Egouts.png using Guid(59d3b25661f73fa40b278e1ee2286806) Importer(815301076,1909f56bfc062723c751e8b465ee728b)  -> (artifact id: '3cf688fb39f3553dcf22f7a9f8cdca8c') in 0.030954 seconds
  Import took 0.036313 seconds .

========================================================================
Received Import Request.
  Time since last request: 0.000432 seconds.
  path: Assets/Imports/tuyau.png
  artifactKey: Guid(e80ef59491e33914bac4716a2e4607d2) Importer(815301076,1909f56bfc062723c751e8b465ee728b)
Start importing Assets/Imports/tuyau.png using Guid(e80ef59491e33914bac4716a2e4607d2) Importer(815301076,1909f56bfc062723c751e8b465ee728b)  -> (artifact id: '0ef50b9e7b1ba792d318ebdbcc086642') in 0.025116 seconds
  Import took 0.030674 seconds .

========================================================================
Received Import Request.
  Time since last request: 0.000173 seconds.
  path: Assets/Imports/goudron vAlexis.png
  artifactKey: Guid(5baf70c719e0a1547825c4ee853377ee) Importer(815301076,1909f56bfc062723c751e8b465ee728b)
Start importing Assets/Imports/goudron vAlexis.png using Guid(5baf70c719e0a1547825c4ee853377ee) Importer(815301076,1909f56bfc062723c751e8b465ee728b)  -> (artifact id: '311e12ce103deee3c9dbd5559a28fec1') in 0.033131 seconds
  Import took 0.037153 seconds .

========================================================================
Received Import Request.
  Time since last request: 0.000302 seconds.
  path: Assets/Imports/chest.png
  artifactKey: Guid(31b11d0a9c51d6a4fb7180f0f471b754) Importer(815301076,1909f56bfc062723c751e8b465ee728b)
Start importing Assets/Imports/chest.png using Guid(31b11d0a9c51d6a4fb7180f0f471b754) Importer(815301076,1909f56bfc062723c751e8b465ee728b)  -> (artifact id: '531b9b70b8c11b2a0df0d7612b8de2b7') in 0.037690 seconds
  Import took 0.041598 seconds .

========================================================================
Received Import Request.
  Time since last request: 0.000201 seconds.
  path: Assets/Imports/Bullet.png
  artifactKey: Guid(419c03dd25aeb564e8f6fa2644e9d1e7) Importer(815301076,1909f56bfc062723c751e8b465ee728b)
Start importing Assets/Imports/Bullet.png using Guid(419c03dd25aeb564e8f6fa2644e9d1e7) Importer(815301076,1909f56bfc062723c751e8b465ee728b)  -> (artifact id: 'ad899eb8dd95aaf5b6418af123e1696b') in 0.009156 seconds
  Import took 0.013237 seconds .

========================================================================
Received Import Request.
  Time since last request: 0.000346 seconds.
  path: Assets/Imports/shoot.png
  artifactKey: Guid(bf8708fb5a5a2d146b77e0bd03c8c9dd) Importer(815301076,1909f56bfc062723c751e8b465ee728b)
Start importing Assets/Imports/shoot.png using Guid(bf8708fb5a5a2d146b77e0bd03c8c9dd) Importer(815301076,1909f56bfc062723c751e8b465ee728b)  -> (artifact id: 'ca555231b50ef79b37e2dc91749fd49a') in 0.030928 seconds
  Import took 0.036887 seconds .

========================================================================
Received Import Request.
  Time since last request: 0.000224 seconds.
  path: Assets/Imports/sol_sable.png
  artifactKey: Guid(8e72133a991f18e4fb6e8593b9eb477f) Importer(815301076,1909f56bfc062723c751e8b465ee728b)
Start importing Assets/Imports/sol_sable.png using Guid(8e72133a991f18e4fb6e8593b9eb477f) Importer(815301076,1909f56bfc062723c751e8b465ee728b)  -> (artifact id: '6ae6df3261c35c7eb383051fff3be46b') in 0.014955 seconds
  Import took 0.020282 seconds .

========================================================================
Received Import Request.
  Time since last request: 0.000352 seconds.
  path: Assets/Imports/Idle pose.png
  artifactKey: Guid(76fbe0babc801fe4fb62c367348df3f5) Importer(815301076,1909f56bfc062723c751e8b465ee728b)
Start importing Assets/Imports/Idle pose.png using Guid(76fbe0babc801fe4fb62c367348df3f5) Importer(815301076,1909f56bfc062723c751e8b465ee728b)  -> (artifact id: '2502edcbad3202ea98bda592c3dafb28') in 0.012293 seconds
  Import took 0.017245 seconds .

========================================================================
Received Import Request.
  Time since last request: 0.000205 seconds.
  path: Assets/Imports/Mur Egouts .png
  artifactKey: Guid(17ab1e0ab7da8a64ba42d16211b7dae1) Importer(815301076,1909f56bfc062723c751e8b465ee728b)
Start importing Assets/Imports/Mur Egouts .png using Guid(17ab1e0ab7da8a64ba42d16211b7dae1) Importer(815301076,1909f56bfc062723c751e8b465ee728b)  -> (artifact id: 'df49210bc0a91947bee8b43f4e0c269d') in 0.038306 seconds
  Import took 0.043626 seconds .

========================================================================
Received Import Request.
  Time since last request: 0.000207 seconds.
  path: Assets/Imports/Protagoniste_Run.png
  artifactKey: Guid(d9933b66060a943ee8252425eace3949) Importer(815301076,1909f56bfc062723c751e8b465ee728b)
Start importing Assets/Imports/Protagoniste_Run.png using Guid(d9933b66060a943ee8252425eace3949) Importer(815301076,1909f56bfc062723c751e8b465ee728b)  -> (artifact id: 'f1156e68f0de9c802869d35be39a3e20') in 0.035833 seconds
  Import took 0.039781 seconds .

========================================================================
Received Import Request.
  Time since last request: 0.000211 seconds.
  path: Assets/Imports/dalle_interieur.png
  artifactKey: Guid(eb18f952557003c4d815a38d5b71a990) Importer(815301076,1909f56bfc062723c751e8b465ee728b)
Start importing Assets/Imports/dalle_interieur.png using Guid(eb18f952557003c4d815a38d5b71a990) Importer(815301076,1909f56bfc062723c751e8b465ee728b)  -> (artifact id: 'eb5555a8edbc7ba2d4f480bf8e7c0b70') in 0.019554 seconds
  Import took 0.025264 seconds .

========================================================================
Received Import Request.
  Time since last request: 0.000394 seconds.
  path: Assets/Imports/Front_door.png
  artifactKey: Guid(241df14a992905547bca02109af95c91) Importer(815301076,1909f56bfc062723c751e8b465ee728b)
Start importing Assets/Imports/Front_door.png using Guid(241df14a992905547bca02109af95c91) Importer(815301076,1909f56bfc062723c751e8b465ee728b)  -> (artifact id: '731ba60733c35eaaa9a6b5c73d96e61a') in 0.023364 seconds
  Import took 0.027802 seconds .

========================================================================
Received Import Request.
  Time since last request: 0.000309 seconds.
  path: Assets/Imports/dalle_interieur.png
  artifactKey: Guid(eb18f952557003c4d815a38d5b71a990) Importer(815301076,1909f56bfc062723c751e8b465ee728b)
Start importing Assets/Imports/dalle_interieur.png using Guid(eb18f952557003c4d815a38d5b71a990) Importer(815301076,1909f56bfc062723c751e8b465ee728b)  -> (artifact id: 'eb5555a8edbc7ba2d4f480bf8e7c0b70') in 0.010431 seconds
  Import took 0.015738 seconds .

========================================================================
Received Import Request.
  Time since last request: 0.000321 seconds.
  path: Assets/Imports/Policier Tir Recul.png
  artifactKey: Guid(1368ae3adf22bb0498d9a6e4a8322c00) Importer(815301076,1909f56bfc062723c751e8b465ee728b)
Start importing Assets/Imports/Policier Tir Recul.png using Guid(1368ae3adf22bb0498d9a6e4a8322c00) Importer(815301076,1909f56bfc062723c751e8b465ee728b)  -> (artifact id: '2c9a76fca4dbc0ecf0dd51c861e56e34') in 0.025772 seconds
  Import took 0.031514 seconds .

========================================================================
Received Import Request.
  Time since last request: 0.000265 seconds.
  path: Assets/Imports/Protagoniste_Idle.png
  artifactKey: Guid(865eee602c0a06d078ae031f108f7824) Importer(815301076,1909f56bfc062723c751e8b465ee728b)
Start importing Assets/Imports/Protagoniste_Idle.png using Guid(865eee602c0a06d078ae031f108f7824) Importer(815301076,1909f56bfc062723c751e8b465ee728b)  -> (artifact id: '1b85121758196266856703fa038ce4db') in 0.036865 seconds
  Import took 0.041270 seconds .

========================================================================
Received Import Request.
  Time since last request: 0.000210 seconds.
  path: Assets/Imports/life.png
  artifactKey: Guid(634b37d7063459f4da2ad5c5173d71d2) Importer(815301076,1909f56bfc062723c751e8b465ee728b)
Start importing Assets/Imports/life.png using Guid(634b37d7063459f4da2ad5c5173d71d2) Importer(815301076,1909f56bfc062723c751e8b465ee728b)  -> (artifact id: 'eacfe4ea0dc1472db743a207d437a878') in 0.022413 seconds
  Import took 0.026610 seconds .

========================================================================
Received Import Request.
  Time since last request: 0.000318 seconds.
  path: Assets/Imports/SAVER.png
  artifactKey: Guid(1956bc8ca61091245ad89458ae2bcf78) Importer(815301076,1909f56bfc062723c751e8b465ee728b)
Start importing Assets/Imports/SAVER.png using Guid(1956bc8ca61091245ad89458ae2bcf78) Importer(815301076,1909f56bfc062723c751e8b465ee728b)  -> (artifact id: '02a5d61f406ebb6b48921eac452f2eb8') in 0.011184 seconds
  Import took 0.015603 seconds .

========================================================================
Received Import Request.
  Time since last request: 0.000223 seconds.
  path: Assets/Imports/rainyhearts.ttf
  artifactKey: Guid(84bf5e7341edcab4881b8f98a67a6210) Importer(815301076,1909f56bfc062723c751e8b465ee728b)
Start importing Assets/Imports/rainyhearts.ttf using Guid(84bf5e7341edcab4881b8f98a67a6210) Importer(815301076,1909f56bfc062723c751e8b465ee728b)  -> (artifact id: 'f30787a97434670b43d65ca6657e1956') in 0.168583 seconds
  Import took 0.172695 seconds .

========================================================================
Received Import Request.
  Time since last request: 0.000176 seconds.
  path: Assets/Imports/stars_galaxies-wallpaper-2560x960.jpg
  artifactKey: Guid(b2fd171437cb59e43a59c1ee7e0f32e8) Importer(815301076,1909f56bfc062723c751e8b465ee728b)
Start importing Assets/Imports/stars_galaxies-wallpaper-2560x960.jpg using Guid(b2fd171437cb59e43a59c1ee7e0f32e8) Importer(815301076,1909f56bfc062723c751e8b465ee728b)  -> (artifact id: 'f2a31d39bcb63c483d5ea792a2c24388') in 0.060842 seconds
  Import took 0.065488 seconds .

========================================================================
Received Import Request.
  Time since last request: 0.000278 seconds.
  path: Assets/Imports/Clochard.png
  artifactKey: Guid(fa599b30a79634f43865323410cdbd87) Importer(815301076,1909f56bfc062723c751e8b465ee728b)
Start importing Assets/Imports/Clochard.png using Guid(fa599b30a79634f43865323410cdbd87) Importer(815301076,1909f56bfc062723c751e8b465ee728b)  -> (artifact id: '47ff8b6da15210928b51bb0fb91fec82') in 0.014323 seconds
  Import took 0.019126 seconds .

========================================================================
Received Import Request.
  Time since last request: 0.000220 seconds.
  path: Assets/Imports/goudron.png
  artifactKey: Guid(f239082a441e331449e90a2e485f3ef4) Importer(815301076,1909f56bfc062723c751e8b465ee728b)
Start importing Assets/Imports/goudron.png using Guid(f239082a441e331449e90a2e485f3ef4) Importer(815301076,1909f56bfc062723c751e8b465ee728b)  -> (artifact id: 'f803b049dd8763f2a2ba633d2a23464b') in 0.050913 seconds
  Import took 0.055113 seconds .

========================================================================
Received Import Request.
  Time since last request: 0.000177 seconds.
  path: Assets/Imports/Sol Egouts.png
  artifactKey: Guid(2093ac385ab13064fa9180c99e1a10c7) Importer(815301076,1909f56bfc062723c751e8b465ee728b)
Start importing Assets/Imports/Sol Egouts.png using Guid(2093ac385ab13064fa9180c99e1a10c7) Importer(815301076,1909f56bfc062723c751e8b465ee728b)  -> (artifact id: '670f609d3c05c42fd58c72cb5fff0ca9') in 0.010480 seconds
  Import took 0.014518 seconds .

========================================================================
Received Import Request.
  Time since last request: 0.000252 seconds.
  path: Assets/Imports/ville.png
  artifactKey: Guid(29016d588917f5540b49df52d678c3c3) Importer(815301076,1909f56bfc062723c751e8b465ee728b)
Start importing Assets/Imports/ville.png using Guid(29016d588917f5540b49df52d678c3c3) Importer(815301076,1909f56bfc062723c751e8b465ee728b)  -> (artifact id: '8ee572596ef023d9155f618da9ae52f2') in 0.051007 seconds
  Import took 0.055441 seconds .

========================================================================
Received Import Request.
  Time since last request: 0.000237 seconds.
  path: Assets/Imports/Big Police Boy.png
  artifactKey: Guid(2577cc0c80fbb8c41bf41ea47cdda158) Importer(815301076,1909f56bfc062723c751e8b465ee728b)
Start importing Assets/Imports/Big Police Boy.png using Guid(2577cc0c80fbb8c41bf41ea47cdda158) Importer(815301076,1909f56bfc062723c751e8b465ee728b)  -> (artifact id: 'bcfb59de122a2e05596701b826c0a9a8') in 0.020150 seconds
  Import took 0.024355 seconds .

========================================================================
Received Import Request.
  Time since last request: 0.000280 seconds.
  path: Assets/Imports/prot_immobile_shot.png
  artifactKey: Guid(906bd38ed78653261a3d6d8342bc5a1d) Importer(815301076,1909f56bfc062723c751e8b465ee728b)
Start importing Assets/Imports/prot_immobile_shot.png using Guid(906bd38ed78653261a3d6d8342bc5a1d) Importer(815301076,1909f56bfc062723c751e8b465ee728b)  -> (artifact id: 'e29eeee332527b6fc22977e0d35e4e22') in 0.038283 seconds
  Import took 0.043188 seconds .

========================================================================
Received Import Request.
  Time since last request: 0.000215 seconds.
  path: Assets/Imports/Big Police Boy.png
  artifactKey: Guid(2577cc0c80fbb8c41bf41ea47cdda158) Importer(815301076,1909f56bfc062723c751e8b465ee728b)
Start importing Assets/Imports/Big Police Boy.png using Guid(2577cc0c80fbb8c41bf41ea47cdda158) Importer(815301076,1909f56bfc062723c751e8b465ee728b)  -> (artifact id: 'bcfb59de122a2e05596701b826c0a9a8') in 0.008221 seconds
  Import took 0.013258 seconds .

========================================================================
Received Import Request.
  Time since last request: 0.000248 seconds.
  path: Assets/Imports/lighter.png
  artifactKey: Guid(064050fcd3d1b97409600bacd38ed6d2) Importer(815301076,1909f56bfc062723c751e8b465ee728b)
Start importing Assets/Imports/lighter.png using Guid(064050fcd3d1b97409600bacd38ed6d2) Importer(815301076,1909f56bfc062723c751e8b465ee728b)  -> (artifact id: 'aa0150f3bb41bdb85e54e74de03758b1') in 0.020140 seconds
  Import took 0.024818 seconds .

========================================================================
Received Prepare
Registering precompiled user dll's ...
Registered in 0.001397 seconds.
Begin MonoManager ReloadAssembly
Native extension for WindowsStandalone target not found
Refreshing native plugins compatible for Editor in 0.47 ms, found 1 plugins.
Preloading 0 native plugins for Editor in 0.00 ms.
Invoked RoslynAnalysisRunner static constructor.
RoslynAnalysisRunner will not be running.
RoslynAnalysisRunner has terminated.
Mono: successfully reloaded assembly
- Completed reload, in  0.749 seconds
Platform modules already initialized, skipping
Shader 'Universal Render Pipeline/Particles/Lit': fallback shader 'Universal Render Pipeline/Particles/SimpleLit' not found
Refreshing native plugins compatible for Editor in 0.46 ms, found 1 plugins.
Preloading 0 native plugins for Editor in 0.00 ms.
Unloading 2842 Unused Serialized files (Serialized files now loaded: 0)
System memory in use before: 127.7 MB.
System memory in use after: 128.0 MB.

Unloading 8 unused Assets to reduce memory usage. Loaded Objects now: 3521.
Total: 2.189800 ms (FindLiveObjects: 0.272500 ms CreateObjectMapping: 0.099500 ms MarkObjects: 1.802000 ms  DeleteObjects: 0.015100 ms)

========================================================================
Received Import Request.
  Time since last request: 552.996230 seconds.
  path: Assets/Imports/Protagoniste_jump.png
  artifactKey: Guid(dfeae841806e6e14eb85f6dbaa2dae91) Importer(815301076,1909f56bfc062723c751e8b465ee728b)
Start importing Assets/Imports/Protagoniste_jump.png using Guid(dfeae841806e6e14eb85f6dbaa2dae91) Importer(815301076,1909f56bfc062723c751e8b465ee728b)  -> (artifact id: '344bc619997cb4c479f63c5f0743f71f') in 0.042332 seconds
  Import took 0.046183 seconds .

========================================================================
Received Import Request.
  Time since last request: 14.931068 seconds.
  path: Assets/Animations/Player
  artifactKey: Guid(0a16e3fba02b8a14a811f071725681d8) Importer(815301076,1909f56bfc062723c751e8b465ee728b)
Start importing Assets/Animations/Player using Guid(0a16e3fba02b8a14a811f071725681d8) Importer(815301076,1909f56bfc062723c751e8b465ee728b)  -> (artifact id: '7c1669ec6ecd1ad34721e5ff39ef263e') in 0.004822 seconds
  Import took 0.011062 seconds .

========================================================================
Received Import Request.
  Time since last request: 0.001046 seconds.
  path: Assets/Animations/Player
  artifactKey: Guid(0a16e3fba02b8a14a811f071725681d8) Importer(815301076,1909f56bfc062723c751e8b465ee728b)
Start importing Assets/Animations/Player using Guid(0a16e3fba02b8a14a811f071725681d8) Importer(815301076,1909f56bfc062723c751e8b465ee728b)  -> (artifact id: '7c1669ec6ecd1ad34721e5ff39ef263e') in 0.004411 seconds
  Import took 0.010189 seconds .

========================================================================
Received Import Request.
  Time since last request: 16.621278 seconds.
  path: Assets/Animations/Player/Player.controller
  artifactKey: Guid(1f02a3b79441e782fb2ef3a11f78498a) Importer(815301076,1909f56bfc062723c751e8b465ee728b)
Start importing Assets/Animations/Player/Player.controller using Guid(1f02a3b79441e782fb2ef3a11f78498a) Importer(815301076,1909f56bfc062723c751e8b465ee728b)  -> (artifact id: '2312290b505704c123c021c3d2f751a1') in 0.023133 seconds
  Import took 0.027177 seconds .

========================================================================
Received Import Request.
  Time since last request: 13.338529 seconds.
  path: Assets/Animations/Player/Player.controller
  artifactKey: Guid(1f02a3b79441e782fb2ef3a11f78498a) Importer(815301076,1909f56bfc062723c751e8b465ee728b)
Start importing Assets/Animations/Player/Player.controller using Guid(1f02a3b79441e782fb2ef3a11f78498a) Importer(815301076,1909f56bfc062723c751e8b465ee728b)  -> (artifact id: '17fbce46070686a325b3ef9112f74d81') in 0.006920 seconds
  Import took 0.012266 seconds .

========================================================================
Received Import Request.
  Time since last request: 0.472073 seconds.
  path: Assets/Animations/Player/Player 1.controller
  artifactKey: Guid(199d3e4970699be4db8e9b566f2fa2b3) Importer(815301076,1909f56bfc062723c751e8b465ee728b)
Start importing Assets/Animations/Player/Player 1.controller using Guid(199d3e4970699be4db8e9b566f2fa2b3) Importer(815301076,1909f56bfc062723c751e8b465ee728b)  -> (artifact id: '669076a1281b235d42425f2d0b4918fa') in 0.007598 seconds
  Import took 0.013878 seconds .

========================================================================
Received Import Request.
  Time since last request: 3.278707 seconds.
  path: Assets/Animations/Player/Player_Idle 1.anim
  artifactKey: Guid(4425c2b52a0e6734b860ac7e723684ca) Importer(815301076,1909f56bfc062723c751e8b465ee728b)
Start importing Assets/Animations/Player/Player_Idle 1.anim using Guid(4425c2b52a0e6734b860ac7e723684ca) Importer(815301076,1909f56bfc062723c751e8b465ee728b)  -> (artifact id: '657fbfdc8f829cf9aab57496888196e9') in 0.004766 seconds
  Import took 0.011740 seconds .

========================================================================
Received Import Request.
  Time since last request: 0.000930 seconds.
  path: Assets/Animations/Player/Player_Idle 1.anim
  artifactKey: Guid(4425c2b52a0e6734b860ac7e723684ca) Importer(815301076,1909f56bfc062723c751e8b465ee728b)
Start importing Assets/Animations/Player/Player_Idle 1.anim using Guid(4425c2b52a0e6734b860ac7e723684ca) Importer(815301076,1909f56bfc062723c751e8b465ee728b)  -> (artifact id: '657fbfdc8f829cf9aab57496888196e9') in 0.006584 seconds
  Import took 0.011507 seconds .

========================================================================
Received Import Request.
  Time since last request: 0.819917 seconds.
  path: Assets/Animations/Player/Player_Idle.anim
  artifactKey: Guid(5b9406141b0062c89888bc95fbebbdfe) Importer(815301076,1909f56bfc062723c751e8b465ee728b)
Start importing Assets/Animations/Player/Player_Idle.anim using Guid(5b9406141b0062c89888bc95fbebbdfe) Importer(815301076,1909f56bfc062723c751e8b465ee728b)  -> (artifact id: '58443424bf82dac82bdeaba1b84b77fb') in 0.006602 seconds
  Import took 0.013039 seconds .

========================================================================
Received Import Request.
  Time since last request: 0.000999 seconds.
  path: Assets/Animations/Player/Player_Idle.anim
  artifactKey: Guid(5b9406141b0062c89888bc95fbebbdfe) Importer(815301076,1909f56bfc062723c751e8b465ee728b)
Start importing Assets/Animations/Player/Player_Idle.anim using Guid(5b9406141b0062c89888bc95fbebbdfe) Importer(815301076,1909f56bfc062723c751e8b465ee728b)  -> (artifact id: '58443424bf82dac82bdeaba1b84b77fb') in 0.006233 seconds
  Import took 0.013357 seconds .

========================================================================
Received Import Request.
  Time since last request: 3.264054 seconds.
  path: Assets/Animations/Player/Player_Jump 1.anim
  artifactKey: Guid(1d4fd16cda1651c4ab3d45d9f3301d47) Importer(815301076,1909f56bfc062723c751e8b465ee728b)
Start importing Assets/Animations/Player/Player_Jump 1.anim using Guid(1d4fd16cda1651c4ab3d45d9f3301d47) Importer(815301076,1909f56bfc062723c751e8b465ee728b)  -> (artifact id: 'cdcbc62674b265ffa7649089b89b021d') in 0.004751 seconds
  Import took 0.010914 seconds .

========================================================================
Received Import Request.
  Time since last request: 0.000341 seconds.
  path: Assets/Animations/Player/Player_Jump 1.anim
  artifactKey: Guid(1d4fd16cda1651c4ab3d45d9f3301d47) Importer(815301076,1909f56bfc062723c751e8b465ee728b)
Start importing Assets/Animations/Player/Player_Jump 1.anim using Guid(1d4fd16cda1651c4ab3d45d9f3301d47) Importer(815301076,1909f56bfc062723c751e8b465ee728b)  -> (artifact id: 'cdcbc62674b265ffa7649089b89b021d') in 0.006710 seconds
  Import took 0.012276 seconds .

========================================================================
Received Import Request.
  Time since last request: 1.820600 seconds.
  path: Assets/Animations/Player/Player_Landing 1.anim
  artifactKey: Guid(f1441075f8e0768468bd8f2b7a1e49ff) Importer(815301076,1909f56bfc062723c751e8b465ee728b)
Start importing Assets/Animations/Player/Player_Landing 1.anim using Guid(f1441075f8e0768468bd8f2b7a1e49ff) Importer(815301076,1909f56bfc062723c751e8b465ee728b)  -> (artifact id: '2bfe8df99d3a84744266f3472d387c5c') in 0.005496 seconds
  Import took 0.011237 seconds .

========================================================================
Received Import Request.
  Time since last request: 0.000904 seconds.
  path: Assets/Animations/Player/Player_Landing 1.anim
  artifactKey: Guid(f1441075f8e0768468bd8f2b7a1e49ff) Importer(815301076,1909f56bfc062723c751e8b465ee728b)
Start importing Assets/Animations/Player/Player_Landing 1.anim using Guid(f1441075f8e0768468bd8f2b7a1e49ff) Importer(815301076,1909f56bfc062723c751e8b465ee728b)  -> (artifact id: '2bfe8df99d3a84744266f3472d387c5c') in 0.006003 seconds
  Import took 0.013062 seconds .

========================================================================
Received Import Request.
  Time since last request: 1.865583 seconds.
  path: Assets/Animations/Player/Player_Run 1.anim
  artifactKey: Guid(3beb0a14a2d48bc4e88506b138a58212) Importer(815301076,1909f56bfc062723c751e8b465ee728b)
Start importing Assets/Animations/Player/Player_Run 1.anim using Guid(3beb0a14a2d48bc4e88506b138a58212) Importer(815301076,1909f56bfc062723c751e8b465ee728b)  -> (artifact id: '4c546b7662ae19e8f20f2946caeafbc6') in 0.006077 seconds
  Import took 0.012682 seconds .

========================================================================
Received Import Request.
  Time since last request: 0.002657 seconds.
  path: Assets/Animations/Player/Player_Run 1.anim
  artifactKey: Guid(3beb0a14a2d48bc4e88506b138a58212) Importer(815301076,1909f56bfc062723c751e8b465ee728b)
Start importing Assets/Animations/Player/Player_Run 1.anim using Guid(3beb0a14a2d48bc4e88506b138a58212) Importer(815301076,1909f56bfc062723c751e8b465ee728b)  -> (artifact id: '4c546b7662ae19e8f20f2946caeafbc6') in 0.006157 seconds
  Import took 0.012086 seconds .

========================================================================
Received Import Request.
  Time since last request: 1.565626 seconds.
  path: Assets/Animations/Player/Player_Shot_Immobile 1.anim
  artifactKey: Guid(f10f183b5dac3c44fbf2d5c164d4de39) Importer(815301076,1909f56bfc062723c751e8b465ee728b)
Start importing Assets/Animations/Player/Player_Shot_Immobile 1.anim using Guid(f10f183b5dac3c44fbf2d5c164d4de39) Importer(815301076,1909f56bfc062723c751e8b465ee728b)  -> (artifact id: '4ab16a8f6f1e1b25be0f251162ccb35c') in 0.006258 seconds
  Import took 0.012064 seconds .

========================================================================
Received Import Request.
  Time since last request: 0.001623 seconds.
  path: Assets/Animations/Player/Player_Shot_Immobile 1.anim
  artifactKey: Guid(f10f183b5dac3c44fbf2d5c164d4de39) Importer(815301076,1909f56bfc062723c751e8b465ee728b)
Start importing Assets/Animations/Player/Player_Shot_Immobile 1.anim using Guid(f10f183b5dac3c44fbf2d5c164d4de39) Importer(815301076,1909f56bfc062723c751e8b465ee728b)  -> (artifact id: '4ab16a8f6f1e1b25be0f251162ccb35c') in 0.006325 seconds
  Import took 0.011906 seconds .

========================================================================
Received Prepare
Registering precompiled user dll's ...
Registered in 0.001436 seconds.
Begin MonoManager ReloadAssembly
Native extension for WindowsStandalone target not found
Refreshing native plugins compatible for Editor in 1.02 ms, found 1 plugins.
Preloading 0 native plugins for Editor in 0.00 ms.
Invoked RoslynAnalysisRunner static constructor.
RoslynAnalysisRunner will not be running.
RoslynAnalysisRunner has terminated.
Mono: successfully reloaded assembly
- Completed reload, in  0.793 seconds
Platform modules already initialized, skipping
Shader 'Universal Render Pipeline/Particles/Lit': fallback shader 'Universal Render Pipeline/Particles/SimpleLit' not found
Refreshing native plugins compatible for Editor in 0.48 ms, found 1 plugins.
Preloading 0 native plugins for Editor in 0.00 ms.
Unloading 2842 Unused Serialized files (Serialized files now loaded: 0)
System memory in use before: 127.8 MB.
System memory in use after: 128.0 MB.

Unloading 8 unused Assets to reduce memory usage. Loaded Objects now: 3527.
Total: 2.348200 ms (FindLiveObjects: 0.258800 ms CreateObjectMapping: 0.130800 ms MarkObjects: 1.941600 ms  DeleteObjects: 0.016000 ms)

========================================================================
Received Import Request.
  Time since last request: 65.152893 seconds.
  path: Assets/Animations/Player/Player_Shot_Immobile.anim
  artifactKey: Guid(451c023adfba1024798f87e47a2caaa1) Importer(815301076,1909f56bfc062723c751e8b465ee728b)
Start importing Assets/Animations/Player/Player_Shot_Immobile.anim using Guid(451c023adfba1024798f87e47a2caaa1) Importer(815301076,1909f56bfc062723c751e8b465ee728b)  -> (artifact id: '7a1208f3146f8b788c14a8b0186778fc') in 0.013757 seconds
  Import took 0.019602 seconds .

========================================================================
Received Import Request.
  Time since last request: 0.000545 seconds.
  path: Assets/Animations/Player/Player_Shot_Immobile.anim
  artifactKey: Guid(451c023adfba1024798f87e47a2caaa1) Importer(815301076,1909f56bfc062723c751e8b465ee728b)
Start importing Assets/Animations/Player/Player_Shot_Immobile.anim using Guid(451c023adfba1024798f87e47a2caaa1) Importer(815301076,1909f56bfc062723c751e8b465ee728b)  -> (artifact id: '7a1208f3146f8b788c14a8b0186778fc') in 0.008670 seconds
  Import took 0.015959 seconds .

========================================================================
Received Import Request.
  Time since last request: 19.228956 seconds.
  path: Assets/Animations/Player/Player_Run.anim
  artifactKey: Guid(5ed44561d275fa9be9938b5cd5b580d0) Importer(815301076,1909f56bfc062723c751e8b465ee728b)
Start importing Assets/Animations/Player/Player_Run.anim using Guid(5ed44561d275fa9be9938b5cd5b580d0) Importer(815301076,1909f56bfc062723c751e8b465ee728b)  -> (artifact id: 'f1709b9252edaf8d58b678a91ed4e0b5') in 0.004596 seconds
  Import took 0.008853 seconds .

========================================================================
Received Import Request.
  Time since last request: 0.756556 seconds.
  path: Assets/Animations/Player/Player_Jump.anim
  artifactKey: Guid(496f90a90c650ee4f8abc2e275834f26) Importer(815301076,1909f56bfc062723c751e8b465ee728b)
Start importing Assets/Animations/Player/Player_Jump.anim using Guid(496f90a90c650ee4f8abc2e275834f26) Importer(815301076,1909f56bfc062723c751e8b465ee728b)  -> (artifact id: 'b229103fb856fac27a477d688f400ec0') in 0.004759 seconds
  Import took 0.009213 seconds .

========================================================================
Received Prepare
Registering precompiled user dll's ...
Registered in 0.001512 seconds.
Begin MonoManager ReloadAssembly
Native extension for WindowsStandalone target not found
Refreshing native plugins compatible for Editor in 0.46 ms, found 1 plugins.
Preloading 0 native plugins for Editor in 0.00 ms.
Invoked RoslynAnalysisRunner static constructor.
RoslynAnalysisRunner will not be running.
RoslynAnalysisRunner has terminated.
Mono: successfully reloaded assembly
- Completed reload, in  0.747 seconds
Platform modules already initialized, skipping
Shader 'Universal Render Pipeline/Particles/Lit': fallback shader 'Universal Render Pipeline/Particles/SimpleLit' not found
Refreshing native plugins compatible for Editor in 0.49 ms, found 1 plugins.
Preloading 0 native plugins for Editor in 0.00 ms.
Unloading 2842 Unused Serialized files (Serialized files now loaded: 0)
System memory in use before: 127.8 MB.
System memory in use after: 128.0 MB.

Unloading 8 unused Assets to reduce memory usage. Loaded Objects now: 3531.
Total: 2.014500 ms (FindLiveObjects: 0.218600 ms CreateObjectMapping: 0.086300 ms MarkObjects: 1.694400 ms  DeleteObjects: 0.014500 ms)

========================================================================
Received Import Request.
  Time since last request: 202.844812 seconds.
  path: Assets/Imports/Protagoniste_jump 1.png
  artifactKey: Guid(a5b791c081be2a5479e50537cdf52700) Importer(815301076,1909f56bfc062723c751e8b465ee728b)
Start importing Assets/Imports/Protagoniste_jump 1.png using Guid(a5b791c081be2a5479e50537cdf52700) Importer(815301076,1909f56bfc062723c751e8b465ee728b)  -> (artifact id: 'b99af870158b69f1e5111b0a2e87cb77') in 0.054011 seconds
  Import took 0.062915 seconds .

========================================================================
Received Import Request.
  Time since last request: 13.919855 seconds.
  path: Assets/Animations/Player/Player.controller
  artifactKey: Guid(1f02a3b79441e782fb2ef3a11f78498a) Importer(815301076,1909f56bfc062723c751e8b465ee728b)
Start importing Assets/Animations/Player/Player.controller using Guid(1f02a3b79441e782fb2ef3a11f78498a) Importer(815301076,1909f56bfc062723c751e8b465ee728b)  -> (artifact id: '601ce74d72cb7c131b52140d8afa35df') in 0.006582 seconds
  Import took 0.010972 seconds .

========================================================================
Received Prepare
Registering precompiled user dll's ...
Registered in 0.002059 seconds.
Begin MonoManager ReloadAssembly
Native extension for WindowsStandalone target not found
Refreshing native plugins compatible for Editor in 0.46 ms, found 1 plugins.
Preloading 0 native plugins for Editor in 0.00 ms.
Invoked RoslynAnalysisRunner static constructor.
RoslynAnalysisRunner will not be running.
RoslynAnalysisRunner has terminated.
Mono: successfully reloaded assembly
- Completed reload, in  0.803 seconds
Platform modules already initialized, skipping
Shader 'Universal Render Pipeline/Particles/Lit': fallback shader 'Universal Render Pipeline/Particles/SimpleLit' not found
Refreshing native plugins compatible for Editor in 0.45 ms, found 1 plugins.
Preloading 0 native plugins for Editor in 0.00 ms.
Unloading 2842 Unused Serialized files (Serialized files now loaded: 0)
System memory in use before: 127.8 MB.
System memory in use after: 128.0 MB.

Unloading 8 unused Assets to reduce memory usage. Loaded Objects now: 3536.
Total: 2.117800 ms (FindLiveObjects: 0.235500 ms CreateObjectMapping: 0.108900 ms MarkObjects: 1.755600 ms  DeleteObjects: 0.017200 ms)

AssetImportWorkerClient::OnTransportError - code=2 error=End of file
